build/app/intermediates/manifest_merge_blame_file/debug/manifest-merger-blame-debug-report.txt
1<?xml version="1.0" encoding="utf-8"?>
2<manifest xmlns:android="http://schemas.android.com/apk/res/android"
3    package="com.builderslab.mhg"
4    android:versionCode="1"
5    android:versionName="1.0.0" >
6
7    <uses-sdk
8        android:minSdkVersion="21"
9        android:targetSdkVersion="31" />
10    <!--
11         Flutter needs it to communicate with the running application
12         to allow setting breakpoints, to provide hot reload, etc.
13    -->
14    <uses-permission android:name="android.permission.INTERNET" />
14-->src/debug/AndroidManifest.xml:6:5-66
14-->src/debug/AndroidManifest.xml:6:22-64
15    <uses-permission android:name="android.permission.ACCESS_NETWORK_STATE" />
15-->[com.google.firebase:firebase-auth:21.0.5] AndroidManifest.xml:24:5-79
15-->[com.google.firebase:firebase-auth:21.0.5] AndroidManifest.xml:24:22-76
16
17    <application
18        android:name="android.app.Application"
19        android:appComponentFactory="androidx.core.app.CoreComponentFactory"
19-->[androidx.core:core:1.8.0] AndroidManifest.xml:24:18-86
20        android:debuggable="true"
21        android:icon="@mipmap/app_logo"
22        android:label="mhg" > <!-- "@mipmap/ic_launcher" -->
23        <activity
24            android:name="com.builderslab.mhg.MainActivity"
25            android:configChanges="orientation|keyboardHidden|keyboard|screenSize|smallestScreenSize|locale|layoutDirection|fontScale|screenLayout|density|uiMode"
26            android:exported="true"
27            android:hardwareAccelerated="true"
28            android:launchMode="singleTop"
29            android:theme="@style/LaunchTheme"
30            android:windowSoftInputMode="adjustResize" >
31
32            <!--
33                 Specifies an Android theme to apply to this Activity as soon as
34                 the Android process has started. This theme is visible to the user
35                 while the Flutter UI initializes. After that, this theme continues
36                 to determine the Window background behind the Flutter UI.
37            -->
38
39
40            <!-- android:name="io.flutter.embedding.android.NormalTheme" -->
41            <!-- android:resource="@style/NormalTheme" -->
42            <meta-data
43                android:name="io.flutter.embedding.android.SplashScreenDrawable"
44                android:resource="@drawable/launch_background" />
45
46            <intent-filter>
47                <action android:name="android.intent.action.MAIN" />
48
49                <category android:name="android.intent.category.LAUNCHER" />
50            </intent-filter>
51        </activity>
52        <!--
53             Don't delete the meta-data below.
54             This is used by the Flutter tool to generate GeneratedPluginRegistrant.java
55        -->
56        <meta-data
57            android:name="flutterEmbedding"
58            android:value="2" />
59
60        <service
60-->[:firebase_auth] AndroidManifest.xml:10:9-14:19
61            android:name="com.google.firebase.components.ComponentDiscoveryService"
61-->[:firebase_auth] AndroidManifest.xml:10:18-89
62            android:directBootAware="true"
62-->[com.google.firebase:firebase-common:20.1.1] AndroidManifest.xml:35:13-43
63            android:exported="false" >
63-->[com.google.firebase:firebase-auth:21.0.5] AndroidManifest.xml:66:13-37
64            <meta-data
64-->[:firebase_auth] AndroidManifest.xml:11:13-13:85
65                android:name="com.google.firebase.components:io.flutter.plugins.firebase.auth.FlutterFirebaseAuthRegistrar"
65-->[:firebase_auth] AndroidManifest.xml:12:17-124
66                android:value="com.google.firebase.components.ComponentRegistrar" />
66-->[:firebase_auth] AndroidManifest.xml:13:17-82
67            <meta-data
67-->[:firebase_storage] AndroidManifest.xml:11:13-13:85
68                android:name="com.google.firebase.components:io.flutter.plugins.firebase.storage.FlutterFirebaseAppRegistrar"
68-->[:firebase_storage] AndroidManifest.xml:12:17-126
69                android:value="com.google.firebase.components.ComponentRegistrar" />
69-->[:firebase_storage] AndroidManifest.xml:13:17-82
70            <meta-data
70-->[:cloud_firestore] AndroidManifest.xml:11:13-13:85
71                android:name="com.google.firebase.components:io.flutter.plugins.firebase.firestore.FlutterFirebaseFirestoreRegistrar"
71-->[:cloud_firestore] AndroidManifest.xml:12:17-134
72                android:value="com.google.firebase.components.ComponentRegistrar" />
72-->[:cloud_firestore] AndroidManifest.xml:13:17-82
73            <meta-data
73-->[:firebase_core] AndroidManifest.xml:11:13-13:85
74                android:name="com.google.firebase.components:io.flutter.plugins.firebase.core.FlutterFirebaseCoreRegistrar"
74-->[:firebase_core] AndroidManifest.xml:12:17-124
75                android:value="com.google.firebase.components.ComponentRegistrar" />
75-->[:firebase_core] AndroidManifest.xml:13:17-82
76            <meta-data
76-->[com.google.firebase:firebase-auth:21.0.5] AndroidManifest.xml:67:13-69:85
77                android:name="com.google.firebase.components:com.google.firebase.auth.FirebaseAuthRegistrar"
77-->[com.google.firebase:firebase-auth:21.0.5] AndroidManifest.xml:68:17-109
78                android:value="com.google.firebase.components.ComponentRegistrar" />
78-->[com.google.firebase:firebase-auth:21.0.5] AndroidManifest.xml:69:17-82
79            <meta-data
79-->[com.google.firebase:firebase-firestore:24.1.2] AndroidManifest.xml:20:13-22:85
80                android:name="com.google.firebase.components:com.google.firebase.firestore.FirestoreRegistrar"
80-->[com.google.firebase:firebase-firestore:24.1.2] AndroidManifest.xml:21:17-111
81                android:value="com.google.firebase.components.ComponentRegistrar" />
81-->[com.google.firebase:firebase-firestore:24.1.2] AndroidManifest.xml:22:17-82
82            <meta-data
82-->[com.google.firebase:firebase-storage:20.0.1] AndroidManifest.xml:33:13-35:85
83                android:name="com.google.firebase.components:com.google.firebase.storage.StorageRegistrar"
83-->[com.google.firebase:firebase-storage:20.0.1] AndroidManifest.xml:34:17-107
84                android:value="com.google.firebase.components.ComponentRegistrar" />
84-->[com.google.firebase:firebase-storage:20.0.1] AndroidManifest.xml:35:17-82
85        </service>
86
87        <provider
87-->[:image_picker_android] AndroidManifest.xml:10:9-18:20
88            android:name="io.flutter.plugins.imagepicker.ImagePickerFileProvider"
88-->[:image_picker_android] AndroidManifest.xml:11:13-82
89            android:authorities="com.builderslab.mhg.flutter.image_provider"
89-->[:image_picker_android] AndroidManifest.xml:12:13-74
90            android:exported="false"
90-->[:image_picker_android] AndroidManifest.xml:13:13-37
91            android:grantUriPermissions="true" >
91-->[:image_picker_android] AndroidManifest.xml:14:13-47
92            <meta-data
92-->[:image_picker_android] AndroidManifest.xml:15:13-17:75
93                android:name="android.support.FILE_PROVIDER_PATHS"
93-->[:image_picker_android] AndroidManifest.xml:16:17-67
94                android:resource="@xml/flutter_image_picker_file_paths" />
94-->[:image_picker_android] AndroidManifest.xml:17:17-72
95        </provider>
96
97        <uses-library
97-->[androidx.window:window:1.0.0-beta04] AndroidManifest.xml:25:9-27:40
98            android:name="androidx.window.extensions"
98-->[androidx.window:window:1.0.0-beta04] AndroidManifest.xml:26:13-54
99            android:required="false" />
99-->[androidx.window:window:1.0.0-beta04] AndroidManifest.xml:27:13-37
100        <uses-library
100-->[androidx.window:window:1.0.0-beta04] AndroidManifest.xml:28:9-30:40
101            android:name="androidx.window.sidecar"
101-->[androidx.window:window:1.0.0-beta04] AndroidManifest.xml:29:13-51
102            android:required="false" />
102-->[androidx.window:window:1.0.0-beta04] AndroidManifest.xml:30:13-37
103
104        <activity
104-->[com.google.firebase:firebase-auth:21.0.5] AndroidManifest.xml:27:9-44:20
105            android:name="com.google.firebase.auth.internal.GenericIdpActivity"
105-->[com.google.firebase:firebase-auth:21.0.5] AndroidManifest.xml:28:13-80
106            android:excludeFromRecents="true"
106-->[com.google.firebase:firebase-auth:21.0.5] AndroidManifest.xml:29:13-46
107            android:exported="true"
107-->[com.google.firebase:firebase-auth:21.0.5] AndroidManifest.xml:30:13-36
108            android:launchMode="singleTask"
108-->[com.google.firebase:firebase-auth:21.0.5] AndroidManifest.xml:31:13-44
109            android:theme="@android:style/Theme.Translucent.NoTitleBar" >
109-->[com.google.firebase:firebase-auth:21.0.5] AndroidManifest.xml:32:13-72
110            <intent-filter>
110-->[com.google.firebase:firebase-auth:21.0.5] AndroidManifest.xml:33:13-43:29
111                <action android:name="android.intent.action.VIEW" />
111-->[com.google.firebase:firebase-auth:21.0.5] AndroidManifest.xml:34:17-69
111-->[com.google.firebase:firebase-auth:21.0.5] AndroidManifest.xml:34:25-66
112
113                <category android:name="android.intent.category.DEFAULT" />
113-->[com.google.firebase:firebase-auth:21.0.5] AndroidManifest.xml:36:17-76
113-->[com.google.firebase:firebase-auth:21.0.5] AndroidManifest.xml:36:27-73
114                <category android:name="android.intent.category.BROWSABLE" />
114-->[com.google.firebase:firebase-auth:21.0.5] AndroidManifest.xml:37:17-78
114-->[com.google.firebase:firebase-auth:21.0.5] AndroidManifest.xml:37:27-75
115
116                <data
116-->[com.google.firebase:firebase-auth:21.0.5] AndroidManifest.xml:39:17-42:51
117                    android:host="firebase.auth"
117-->[com.google.firebase:firebase-auth:21.0.5] AndroidManifest.xml:40:21-49
118                    android:path="/"
118-->[com.google.firebase:firebase-auth:21.0.5] AndroidManifest.xml:41:21-37
119                    android:scheme="genericidp" />
119-->[com.google.firebase:firebase-auth:21.0.5] AndroidManifest.xml:42:21-48
120            </intent-filter>
121        </activity>
122        <activity
122-->[com.google.firebase:firebase-auth:21.0.5] AndroidManifest.xml:45:9-62:20
123            android:name="com.google.firebase.auth.internal.RecaptchaActivity"
123-->[com.google.firebase:firebase-auth:21.0.5] AndroidManifest.xml:46:13-79
124            android:excludeFromRecents="true"
124-->[com.google.firebase:firebase-auth:21.0.5] AndroidManifest.xml:47:13-46
125            android:exported="true"
125-->[com.google.firebase:firebase-auth:21.0.5] AndroidManifest.xml:48:13-36
126            android:launchMode="singleTask"
126-->[com.google.firebase:firebase-auth:21.0.5] AndroidManifest.xml:49:13-44
127            android:theme="@android:style/Theme.Translucent.NoTitleBar" >
127-->[com.google.firebase:firebase-auth:21.0.5] AndroidManifest.xml:50:13-72
128            <intent-filter>
128-->[com.google.firebase:firebase-auth:21.0.5] AndroidManifest.xml:51:13-61:29
129                <action android:name="android.intent.action.VIEW" />
129-->[com.google.firebase:firebase-auth:21.0.5] AndroidManifest.xml:34:17-69
129-->[com.google.firebase:firebase-auth:21.0.5] AndroidManifest.xml:34:25-66
130
131                <category android:name="android.intent.category.DEFAULT" />
131-->[com.google.firebase:firebase-auth:21.0.5] AndroidManifest.xml:36:17-76
131-->[com.google.firebase:firebase-auth:21.0.5] AndroidManifest.xml:36:27-73
132                <category android:name="android.intent.category.BROWSABLE" />
132-->[com.google.firebase:firebase-auth:21.0.5] AndroidManifest.xml:37:17-78
132-->[com.google.firebase:firebase-auth:21.0.5] AndroidManifest.xml:37:27-75
133
134                <data
134-->[com.google.firebase:firebase-auth:21.0.5] AndroidManifest.xml:39:17-42:51
135                    android:host="firebase.auth"
135-->[com.google.firebase:firebase-auth:21.0.5] AndroidManifest.xml:40:21-49
136                    android:path="/"
136-->[com.google.firebase:firebase-auth:21.0.5] AndroidManifest.xml:41:21-37
137                    android:scheme="recaptcha" />
137-->[com.google.firebase:firebase-auth:21.0.5] AndroidManifest.xml:42:21-48
138            </intent-filter>
139        </activity>
140
141        <provider
141-->[com.google.firebase:firebase-common:20.1.1] AndroidManifest.xml:26:9-31:39
142            android:name="com.google.firebase.provider.FirebaseInitProvider"
142-->[com.google.firebase:firebase-common:20.1.1] AndroidManifest.xml:27:13-77
143            android:authorities="com.builderslab.mhg.firebaseinitprovider"
143-->[com.google.firebase:firebase-common:20.1.1] AndroidManifest.xml:28:13-72
144            android:directBootAware="true"
144-->[com.google.firebase:firebase-common:20.1.1] AndroidManifest.xml:29:13-43
145            android:exported="false"
145-->[com.google.firebase:firebase-common:20.1.1] AndroidManifest.xml:30:13-37
146            android:initOrder="100" />
146-->[com.google.firebase:firebase-common:20.1.1] AndroidManifest.xml:31:13-36
147
148        <activity
148-->[com.google.android.gms:play-services-base:18.0.1] AndroidManifest.xml:20:9-22:45
149            android:name="com.google.android.gms.common.api.GoogleApiActivity"
149-->[com.google.android.gms:play-services-base:18.0.1] AndroidManifest.xml:20:19-85
150            android:exported="false"
150-->[com.google.android.gms:play-services-base:18.0.1] AndroidManifest.xml:22:19-43
151            android:theme="@android:style/Theme.Translucent.NoTitleBar" />
151-->[com.google.android.gms:play-services-base:18.0.1] AndroidManifest.xml:21:19-78
152
153        <meta-data
153-->[com.google.android.gms:play-services-basement:18.0.0] AndroidManifest.xml:21:9-23:69
154            android:name="com.google.android.gms.version"
154-->[com.google.android.gms:play-services-basement:18.0.0] AndroidManifest.xml:22:13-58
155            android:value="@integer/google_play_services_version" />
155-->[com.google.android.gms:play-services-basement:18.0.0] AndroidManifest.xml:23:13-66
156    </application>
157
158</manifest>